# JRE version: OpenJDK Runtime Environment Temurin-17.0.11+9 (17.0.11+9) (build 17.0.11+9)
# Java VM: OpenJDK 64-Bit Server VM Temurin-17.0.11+9 (17.0.11+9, mixed mode, tiered, compressed oops, compressed class ptrs, parallel gc, windows-amd64)
GC Precious Log:
 CPUs: 8 total, 8 available
 Memory: 8074M
 Large Page Support: Disabled
 NUMA Support: Disabled
 Compressed Oops: Enabled (32-bit)
 Alignments: Space 512K, Generation 512K, Heap 2M
 Heap Min Capacity: 100M
 Heap Initial Capacity: 100M
 Heap Max Capacity: 1G
 Pre-touch: Disabled
 Parallel Workers: 8
Heap:
 PSYoungGen      total 22528K, used 14856K [0x00000000eab00000, 0x00000000ec200000, 0x0000000100000000)
  eden space 22016K, 65% used [0x00000000eab00000,0x00000000eb90a128,0x00000000ec080000)
  from space 512K, 93% used [0x00000000ec180000,0x00000000ec1f8070,0x00000000ec200000)
  to   space 512K, 0% used [0x00000000ec100000,0x00000000ec100000,0x00000000ec180000)
 ParOldGen       total 68608K, used 46245K [0x00000000c0000000, 0x00000000c4300000, 0x00000000eab00000)
  object space 68608K, 67% used [0x00000000c0000000,0x00000000c2d29590,0x00000000c4300000)
 Metaspace       used 63269K, committed 64384K, reserved 1114112K
  class space    used 6847K, committed 7360K, reserved 1048576K
GC Heap History (20 events):
Event: 31.639 GC heap before
{Heap before GC invocations=32 (full 3):
 PSYoungGen      total 23552K, used 23533K [0x00000000eab00000, 0x00000000ec780000, 0x0000000100000000)
  eden space 22016K, 100% used [0x00000000eab00000,0x00000000ec080000,0x00000000ec080000)
  from space 1536K, 98% used [0x00000000ec500000,0x00000000ec67b520,0x00000000ec680000)
  to   space 3584K, 0% used [0x00000000ec080000,0x00000000ec080000,0x00000000ec400000)
 ParOldGen       total 68608K, used 39268K [0x00000000c0000000, 0x00000000c4300000, 0x00000000eab00000)
  object space 68608K, 57% used [0x00000000c0000000,0x00000000c2659068,0x00000000c4300000)
 Metaspace       used 61347K, committed 62528K, reserved 1114112K
  class space    used 6705K, committed 7232K, reserved 1048576K
}
Event: 31.643 GC heap after
{Heap after GC invocations=32 (full 3):
 PSYoungGen      total 24064K, used 1824K [0x00000000eab00000, 0x00000000ec580000, 0x0000000100000000)
  eden space 22016K, 0% used [0x00000000eab00000,0x00000000eab00000,0x00000000ec080000)
  from space 2048K, 89% used [0x00000000ec080000,0x00000000ec248000,0x00000000ec280000)
  to   space 2560K, 0% used [0x00000000ec300000,0x00000000ec300000,0x00000000ec580000)
 ParOldGen       total 68608K, used 40789K [0x00000000c0000000, 0x00000000c4300000, 0x00000000eab00000)
  object space 68608K, 59% used [0x00000000c0000000,0x00000000c27d5598,0x00000000c4300000)
 Metaspace       used 61347K, committed 62528K, reserved 1114112K
  class space    used 6705K, committed 7232K, reserved 1048576K
}
Event: 32.526 GC heap before
{Heap before GC invocations=33 (full 3):
 PSYoungGen      total 24064K, used 23840K [0x00000000eab00000, 0x00000000ec580000, 0x0000000100000000)
  eden space 22016K, 100% used [0x00000000eab00000,0x00000000ec080000,0x00000000ec080000)
  from space 2048K, 89% used [0x00000000ec080000,0x00000000ec248000,0x00000000ec280000)
  to   space 2560K, 0% used [0x00000000ec300000,0x00000000ec300000,0x00000000ec580000)
 ParOldGen       total 68608K, used 40789K [0x00000000c0000000, 0x00000000c4300000, 0x00000000eab00000)
  object space 68608K, 59% used [0x00000000c0000000,0x00000000c27d5598,0x00000000c4300000)
 Metaspace       used 61981K, committed 63104K, reserved 1114112K
  class space    used 6773K, committed 7296K, reserved 1048576K
}
Event: 32.532 GC heap after
{Heap after GC invocations=33 (full 3):
 PSYoungGen      total 23552K, used 1312K [0x00000000eab00000, 0x00000000ec480000, 0x0000000100000000)
  eden space 22016K, 0% used [0x00000000eab00000,0x00000000eab00000,0x00000000ec080000)
  from space 1536K, 85% used [0x00000000ec300000,0x00000000ec448020,0x00000000ec480000)
  to   space 2048K, 0% used [0x00000000ec080000,0x00000000ec080000,0x00000000ec280000)
 ParOldGen       total 68608K, used 42357K [0x00000000c0000000, 0x00000000c4300000, 0x00000000eab00000)
  object space 68608K, 61% used [0x00000000c0000000,0x00000000c295d5a8,0x00000000c4300000)
 Metaspace       used 61981K, committed 63104K, reserved 1114112K
  class space    used 6773K, committed 7296K, reserved 1048576K
}
Event: 39.300 GC heap before
{Heap before GC invocations=34 (full 3):
 PSYoungGen      total 23552K, used 23328K [0x00000000eab00000, 0x00000000ec480000, 0x0000000100000000)
  eden space 22016K, 100% used [0x00000000eab00000,0x00000000ec080000,0x00000000ec080000)
  from space 1536K, 85% used [0x00000000ec300000,0x00000000ec448020,0x00000000ec480000)
  to   space 2048K, 0% used [0x00000000ec080000,0x00000000ec080000,0x00000000ec280000)
 ParOldGen       total 68608K, used 42357K [0x00000000c0000000, 0x00000000c4300000, 0x00000000eab00000)
  object space 68608K, 61% used [0x00000000c0000000,0x00000000c295d5a8,0x00000000c4300000)
 Metaspace       used 62378K, committed 63488K, reserved 1114112K
  class space    used 6816K, committed 7296K, reserved 1048576K
}
Event: 39.305 GC heap after
{Heap after GC invocations=34 (full 3):
 PSYoungGen      total 24064K, used 608K [0x00000000eab00000, 0x00000000ec380000, 0x0000000100000000)
  eden space 22016K, 0% used [0x00000000eab00000,0x00000000eab00000,0x00000000ec080000)
  from space 2048K, 29% used [0x00000000ec080000,0x00000000ec118000,0x00000000ec280000)
  to   space 1024K, 0% used [0x00000000ec280000,0x00000000ec280000,0x00000000ec380000)
 ParOldGen       total 68608K, used 43477K [0x00000000c0000000, 0x00000000c4300000, 0x00000000eab00000)
  object space 68608K, 63% used [0x00000000c0000000,0x00000000c2a755a8,0x00000000c4300000)
 Metaspace       used 62378K, committed 63488K, reserved 1114112K
  class space    used 6816K, committed 7296K, reserved 1048576K
}
Event: 40.911 GC heap before
{Heap before GC invocations=35 (full 3):
 PSYoungGen      total 24064K, used 22624K [0x00000000eab00000, 0x00000000ec380000, 0x0000000100000000)
  eden space 22016K, 100% used [0x00000000eab00000,0x00000000ec080000,0x00000000ec080000)
  from space 2048K, 29% used [0x00000000ec080000,0x00000000ec118000,0x00000000ec280000)
  to   space 1024K, 0% used [0x00000000ec280000,0x00000000ec280000,0x00000000ec380000)
 ParOldGen       total 68608K, used 43477K [0x00000000c0000000, 0x00000000c4300000, 0x00000000eab00000)
  object space 68608K, 63% used [0x00000000c0000000,0x00000000c2a755a8,0x00000000c4300000)
 Metaspace       used 62654K, committed 63744K, reserved 1114112K
  class space    used 6824K, committed 7296K, reserved 1048576K
}
Event: 40.915 GC heap after
{Heap after GC invocations=35 (full 3):
 PSYoungGen      total 23040K, used 1024K [0x00000000eab00000, 0x00000000ec480000, 0x0000000100000000)
  eden space 22016K, 0% used [0x00000000eab00000,0x00000000eab00000,0x00000000ec080000)
  from space 1024K, 100% used [0x00000000ec280000,0x00000000ec380000,0x00000000ec380000)
  to   space 2048K, 0% used [0x00000000ec080000,0x00000000ec080000,0x00000000ec280000)
 ParOldGen       total 68608K, used 44109K [0x00000000c0000000, 0x00000000c4300000, 0x00000000eab00000)
  object space 68608K, 64% used [0x00000000c0000000,0x00000000c2b135c8,0x00000000c4300000)
 Metaspace       used 62654K, committed 63744K, reserved 1114112K
  class space    used 6824K, committed 7296K, reserved 1048576K
}
Event: 41.845 GC heap before
{Heap before GC invocations=36 (full 3):
 PSYoungGen      total 23040K, used 23040K [0x00000000eab00000, 0x00000000ec480000, 0x0000000100000000)
  eden space 22016K, 100% used [0x00000000eab00000,0x00000000ec080000,0x00000000ec080000)
  from space 1024K, 100% used [0x00000000ec280000,0x00000000ec380000,0x00000000ec380000)
  to   space 2048K, 0% used [0x00000000ec080000,0x00000000ec080000,0x00000000ec280000)
 ParOldGen       total 68608K, used 44109K [0x00000000c0000000, 0x00000000c4300000, 0x00000000eab00000)
  object space 68608K, 64% used [0x00000000c0000000,0x00000000c2b135c8,0x00000000c4300000)
 Metaspace       used 62839K, committed 63936K, reserved 1114112K
  class space    used 6826K, committed 7296K, reserved 1048576K
}
Event: 41.848 GC heap after
{Heap after GC invocations=36 (full 3):
 PSYoungGen      total 23040K, used 960K [0x00000000eab00000, 0x00000000ec380000, 0x0000000100000000)
  eden space 22016K, 0% used [0x00000000eab00000,0x00000000eab00000,0x00000000ec080000)
  from space 1024K, 93% used [0x00000000ec080000,0x00000000ec170000,0x00000000ec180000)
  to   space 1536K, 0% used [0x00000000ec200000,0x00000000ec200000,0x00000000ec380000)
 ParOldGen       total 68608K, used 44733K [0x00000000c0000000, 0x00000000c4300000, 0x00000000eab00000)
  object space 68608K, 65% used [0x00000000c0000000,0x00000000c2baf438,0x00000000c4300000)
 Metaspace       used 62839K, committed 63936K, reserved 1114112K
  class space    used 6826K, committed 7296K, reserved 1048576K
}
Event: 43.832 GC heap before
{Heap before GC invocations=37 (full 3):
 PSYoungGen      total 23040K, used 22976K [0x00000000eab00000, 0x00000000ec380000, 0x0000000100000000)
  eden space 22016K, 100% used [0x00000000eab00000,0x00000000ec080000,0x00000000ec080000)
  from space 1024K, 93% used [0x00000000ec080000,0x00000000ec170000,0x00000000ec180000)
  to   space 1536K, 0% used [0x00000000ec200000,0x00000000ec200000,0x00000000ec380000)
 ParOldGen       total 68608K, used 44733K [0x00000000c0000000, 0x00000000c4300000, 0x00000000eab00000)
  object space 68608K, 65% used [0x00000000c0000000,0x00000000c2baf438,0x00000000c4300000)
 Metaspace       used 63065K, committed 64256K, reserved 1114112K
  class space    used 6838K, committed 7360K, reserved 1048576K
}
Event: 43.835 GC heap after
{Heap after GC invocations=37 (full 3):
 PSYoungGen      total 23040K, used 800K [0x00000000eab00000, 0x00000000ec300000, 0x0000000100000000)
  eden space 22016K, 0% used [0x00000000eab00000,0x00000000eab00000,0x00000000ec080000)
  from space 1024K, 78% used [0x00000000ec200000,0x00000000ec2c8030,0x00000000ec300000)
  to   space 1024K, 0% used [0x00000000ec080000,0x00000000ec080000,0x00000000ec180000)
 ParOldGen       total 68608K, used 45237K [0x00000000c0000000, 0x00000000c4300000, 0x00000000eab00000)
  object space 68608K, 65% used [0x00000000c0000000,0x00000000c2c2d438,0x00000000c4300000)
 Metaspace       used 63065K, committed 64256K, reserved 1114112K
  class space    used 6838K, committed 7360K, reserved 1048576K
}
Event: 43.966 GC heap before
{Heap before GC invocations=38 (full 3):
 PSYoungGen      total 23040K, used 22816K [0x00000000eab00000, 0x00000000ec300000, 0x0000000100000000)
  eden space 22016K, 100% used [0x00000000eab00000,0x00000000ec080000,0x00000000ec080000)
  from space 1024K, 78% used [0x00000000ec200000,0x00000000ec2c8030,0x00000000ec300000)
  to   space 1024K, 0% used [0x00000000ec080000,0x00000000ec080000,0x00000000ec180000)
 ParOldGen       total 68608K, used 45237K [0x00000000c0000000, 0x00000000c4300000, 0x00000000eab00000)
  object space 68608K, 65% used [0x00000000c0000000,0x00000000c2c2d438,0x00000000c4300000)
 Metaspace       used 63066K, committed 64256K, reserved 1114112K
  class space    used 6838K, committed 7360K, reserved 1048576K
}
Event: 43.968 GC heap after
{Heap after GC invocations=38 (full 3):
 PSYoungGen      total 23040K, used 352K [0x00000000eab00000, 0x00000000ec280000, 0x0000000100000000)
  eden space 22016K, 0% used [0x00000000eab00000,0x00000000eab00000,0x00000000ec080000)
  from space 1024K, 34% used [0x00000000ec080000,0x00000000ec0d8080,0x00000000ec180000)
  to   space 1024K, 0% used [0x00000000ec180000,0x00000000ec180000,0x00000000ec280000)
 ParOldGen       total 68608K, used 45853K [0x00000000c0000000, 0x00000000c4300000, 0x00000000eab00000)
  object space 68608K, 66% used [0x00000000c0000000,0x00000000c2cc74b0,0x00000000c4300000)
 Metaspace       used 63066K, committed 64256K, reserved 1114112K
  class space    used 6838K, committed 7360K, reserved 1048576K
}
Event: 44.145 GC heap before
{Heap before GC invocations=39 (full 3):
 PSYoungGen      total 23040K, used 22368K [0x00000000eab00000, 0x00000000ec280000, 0x0000000100000000)
  eden space 22016K, 100% used [0x00000000eab00000,0x00000000ec080000,0x00000000ec080000)
  from space 1024K, 34% used [0x00000000ec080000,0x00000000ec0d8080,0x00000000ec180000)
  to   space 1024K, 0% used [0x00000000ec180000,0x00000000ec180000,0x00000000ec280000)
 ParOldGen       total 68608K, used 45853K [0x00000000c0000000, 0x00000000c4300000, 0x00000000eab00000)
  object space 68608K, 66% used [0x00000000c0000000,0x00000000c2cc74b0,0x00000000c4300000)
 Metaspace       used 63073K, committed 64256K, reserved 1114112K
  class space    used 6838K, committed 7360K, reserved 1048576K
}
Event: 44.146 GC heap after
{Heap after GC invocations=39 (full 3):
 PSYoungGen      total 22528K, used 448K [0x00000000eab00000, 0x00000000ec200000, 0x0000000100000000)
  eden space 22016K, 0% used [0x00000000eab00000,0x00000000eab00000,0x00000000ec080000)
  from space 512K, 87% used [0x00000000ec180000,0x00000000ec1f0080,0x00000000ec200000)
  to   space 512K, 0% used [0x00000000ec100000,0x00000000ec100000,0x00000000ec180000)
 ParOldGen       total 68608K, used 46005K [0x00000000c0000000, 0x00000000c4300000, 0x00000000eab00000)
  object space 68608K, 67% used [0x00000000c0000000,0x00000000c2ced550,0x00000000c4300000)
 Metaspace       used 63073K, committed 64256K, reserved 1114112K
  class space    used 6838K, committed 7360K, reserved 1048576K
}
Event: 44.925 GC heap before
{Heap before GC invocations=40 (full 3):
 PSYoungGen      total 22528K, used 22464K [0x00000000eab00000, 0x00000000ec200000, 0x0000000100000000)
  eden space 22016K, 100% used [0x00000000eab00000,0x00000000ec080000,0x00000000ec080000)
  from space 512K, 87% used [0x00000000ec180000,0x00000000ec1f0080,0x00000000ec200000)
  to   space 512K, 0% used [0x00000000ec100000,0x00000000ec100000,0x00000000ec180000)
 ParOldGen       total 68608K, used 46005K [0x00000000c0000000, 0x00000000c4300000, 0x00000000eab00000)
  object space 68608K, 67% used [0x00000000c0000000,0x00000000c2ced550,0x00000000c4300000)
 Metaspace       used 63120K, committed 64256K, reserved 1114112K
  class space    used 6838K, committed 7360K, reserved 1048576K
}
Event: 44.926 GC heap after
{Heap after GC invocations=40 (full 3):
 PSYoungGen      total 22528K, used 480K [0x00000000eab00000, 0x00000000ec200000, 0x0000000100000000)
  eden space 22016K, 0% used [0x00000000eab00000,0x00000000eab00000,0x00000000ec080000)
  from space 512K, 93% used [0x00000000ec100000,0x00000000ec178080,0x00000000ec180000)
  to   space 512K, 0% used [0x00000000ec180000,0x00000000ec180000,0x00000000ec200000)
 ParOldGen       total 68608K, used 46117K [0x00000000c0000000, 0x00000000c4300000, 0x00000000eab00000)
  object space 68608K, 67% used [0x00000000c0000000,0x00000000c2d09570,0x00000000c4300000)
 Metaspace       used 63120K, committed 64256K, reserved 1114112K
  class space    used 6838K, committed 7360K, reserved 1048576K
}
Event: 46.070 GC heap before
{Heap before GC invocations=41 (full 3):
 PSYoungGen      total 22528K, used 22496K [0x00000000eab00000, 0x00000000ec200000, 0x0000000100000000)
  eden space 22016K, 100% used [0x00000000eab00000,0x00000000ec080000,0x00000000ec080000)
  from space 512K, 93% used [0x00000000ec100000,0x00000000ec178080,0x00000000ec180000)
  to   space 512K, 0% used [0x00000000ec180000,0x00000000ec180000,0x00000000ec200000)
 ParOldGen       total 68608K, used 46117K [0x00000000c0000000, 0x00000000c4300000, 0x00000000eab00000)
  object space 68608K, 67% used [0x00000000c0000000,0x00000000c2d09570,0x00000000c4300000)
 Metaspace       used 63128K, committed 64320K, reserved 1114112K
  class space    used 6838K, committed 7360K, reserved 1048576K
}
Event: 46.072 GC heap after
{Heap after GC invocations=41 (full 3):
 PSYoungGen      total 22528K, used 480K [0x00000000eab00000, 0x00000000ec200000, 0x0000000100000000)
  eden space 22016K, 0% used [0x00000000eab00000,0x00000000eab00000,0x00000000ec080000)
  from space 512K, 93% used [0x00000000ec180000,0x00000000ec1f8070,0x00000000ec200000)
  to   space 512K, 0% used [0x00000000ec100000,0x00000000ec100000,0x00000000ec180000)
 ParOldGen       total 68608K, used 46245K [0x00000000c0000000, 0x00000000c4300000, 0x00000000eab00000)
  object space 68608K, 67% used [0x00000000c0000000,0x00000000c2d29590,0x00000000c4300000)
 Metaspace       used 63128K, committed 64320K, reserved 1114112K
  class space    used 6838K, committed 7360K, reserved 1048576K
}

